#
# There is insufficient memory for the Java Runtime Environment to continue.
# Native memory allocation (malloc) failed to allocate 32744 bytes for ChunkPool::allocate
# Possible reasons:
#   The system is out of physical RAM or swap space
#   The process is running with CompressedOops enabled, and the Java Heap may be blocking the growth of the native heap
# Possible solutions:
#   Reduce memory load on the system
#   Increase physical memory or swap space
#   Check if swap backing store is full
#   Decrease Java heap size (-Xmx/-Xms)
#   Decrease number of Java threads
#   Decrease Java thread stack sizes (-Xss)
#   Set larger code cache with -XX:ReservedCodeCacheSize=
#   JVM is running with Unscaled Compressed Oops mode in which the Java heap is
#     placed in the first 4GB address space. The Java Heap base address is the
#     maximum limit for the native heap growth. Please use -XX:HeapBaseMinAddress
#     to set the Java Heap base and to place the Java Heap above 4GB virtual address.
# This output file may be truncated or incomplete.
#
#  Out of Memory Error (arena.cpp:79), pid=11604, tid=6244
#
# JRE version: OpenJDK Runtime Environment (16.0.2+7) (build 16.0.2+7-67)
# Java VM: OpenJDK 64-Bit Server VM (16.0.2+7-67, mixed mode, tiered, compressed oops, compressed class ptrs, g1 gc, windows-amd64)
# No core dump will be written. Minidumps are not enabled by default on client versions of Windows
#

---------------  S U M M A R Y ------------

Command Line: -Dfile.encoding=Cp1252 --module-path=C:\Users\Mateo Reales\Documents\GitHub\Proyecto2\bin -XX:+ShowCodeDetailsInExceptionMessages -Djdk.module.main=proyecto1 proyecto1/consolaInventario.App

Host: Intel(R) Core(TM) i5-10210U CPU @ 1.60GHz, 8 cores, 3G,  Windows 10 , 64 bit Build 19041 (10.0.19041.1348)
Time: Wed Dec  1 12:34:58 2021 SA Pacific Standard Time elapsed time: 2549.366340 seconds (0d 0h 42m 29s)

---------------  T H R E A D  ---------------

Current thread (0x00000223ffa6b5e0):  JavaThread "C1 CompilerThread0" daemon [_thread_in_native, id=6244, stack(0x000000f3d4200000,0x000000f3d4300000)]


Current CompileTask:
C1:2549366 2547       3       sun.awt.image.VolatileSurfaceManager::displayChanged (102 bytes)

Stack: [0x000000f3d4200000,0x000000f3d4300000]
Native frames: (J=compiled Java code, j=interpreted, Vv=VM code, C=native code)
V  [jvm.dll+0x6681ca]
V  [jvm.dll+0x7c9e69]
V  [jvm.dll+0x7cb61e]
V  [jvm.dll+0x7cbc73]
V  [jvm.dll+0x242c55]
V  [jvm.dll+0xae10f]
V  [jvm.dll+0xae45c]
V  [jvm.dll+0x163f4e]
V  [jvm.dll+0x15c53e]
V  [jvm.dll+0x14a5c0]
V  [jvm.dll+0x133137]
V  [jvm.dll+0x132a5f]
V  [jvm.dll+0x132c99]
V  [jvm.dll+0x1320ff]
V  [jvm.dll+0x133ec1]
V  [jvm.dll+0x225158]
V  [jvm.dll+0x22319c]
V  [jvm.dll+0x77fa62]
V  [jvm.dll+0x7795aa]
V  [jvm.dll+0x667066]
C  [ucrtbase.dll+0x21bb2]
C  [KERNEL32.DLL+0x17034]
C  [ntdll.dll+0x52651]


---------------  P R O C E S S  ---------------

Threads class SMR info:
_java_thread_list=0x0000022380983030, length=17, elements={
0x00000223ffa24020, 0x00000223ffa253e0, 0x00000223ffa5d430, 0x00000223ffa5e030,
0x00000223ffa5faf0, 0x00000223ffa610a0, 0x00000223ffa66340, 0x00000223ffa6b5e0,
0x00000223ffa79340, 0x00000223ffcdab00, 0x00000223ffcd95c0, 0x00000223ffcd9070,
0x00000223ffcd8b20, 0x00000223ffcd8080, 0x00000223ffcd85d0, 0x00000223ffcda060,
0x00000223ffcda5b0
}

Java Threads: ( => current thread )
  0x00000223ffa24020 JavaThread "Reference Handler" daemon [_thread_blocked, id=12756, stack(0x000000f3d3b00000,0x000000f3d3c00000)]
  0x00000223ffa253e0 JavaThread "Finalizer" daemon [_thread_blocked, id=17416, stack(0x000000f3d3c00000,0x000000f3d3d00000)]
  0x00000223ffa5d430 JavaThread "Signal Dispatcher" daemon [_thread_blocked, id=24372, stack(0x000000f3d3d00000,0x000000f3d3e00000)]
  0x00000223ffa5e030 JavaThread "Attach Listener" daemon [_thread_blocked, id=9108, stack(0x000000f3d3e00000,0x000000f3d3f00000)]
  0x00000223ffa5faf0 JavaThread "Service Thread" daemon [_thread_blocked, id=21900, stack(0x000000f3d3f00000,0x000000f3d4000000)]
  0x00000223ffa610a0 JavaThread "Monitor Deflation Thread" daemon [_thread_blocked, id=6816, stack(0x000000f3d4000000,0x000000f3d4100000)]
  0x00000223ffa66340 JavaThread "C2 CompilerThread0" daemon [_thread_in_native, id=25532, stack(0x000000f3d4100000,0x000000f3d4200000)]
=>0x00000223ffa6b5e0 JavaThread "C1 CompilerThread0" daemon [_thread_in_native, id=6244, stack(0x000000f3d4200000,0x000000f3d4300000)]
  0x00000223ffa79340 JavaThread "Sweeper thread" daemon [_thread_blocked, id=10928, stack(0x000000f3d4300000,0x000000f3d4400000)]
  0x00000223ffcdab00 JavaThread "Common-Cleaner" daemon [_thread_blocked, id=19196, stack(0x000000f3d4400000,0x000000f3d4500000)]
  0x00000223ffcd95c0 JavaThread "Notification Thread" daemon [_thread_blocked, id=19836, stack(0x000000f3d4500000,0x000000f3d4600000)]
  0x00000223ffcd9070 JavaThread "Java2D Disposer" daemon [_thread_blocked, id=25080, stack(0x000000f3d4700000,0x000000f3d4800000)]
  0x00000223ffcd8b20 JavaThread "AWT-Shutdown" [_thread_blocked, id=25192, stack(0x000000f3d4800000,0x000000f3d4900000)]
  0x00000223ffcd8080 JavaThread "AWT-Windows" daemon [_thread_in_native, id=22132, stack(0x000000f3d4900000,0x000000f3d4a00000)]
  0x00000223ffcd85d0 JavaThread "AWT-EventQueue-0" [_thread_in_native, id=16980, stack(0x000000f3d4b00000,0x000000f3d4c00000)]
  0x00000223ffcda060 JavaThread "DestroyJavaVM" [_thread_blocked, id=23036, stack(0x000000f3d3400000,0x000000f3d3500000)]
  0x00000223ffcda5b0 JavaThread "TimerQueue" daemon [_thread_blocked, id=2664, stack(0x000000f3d4c00000,0x000000f3d4d00000)]

Other Threads:
  0x00000223ffa0e670 VMThread "VM Thread" [stack: 0x000000f3d3a00000,0x000000f3d3b00000] [id=25988]
  0x00000223e639bf80 WatcherThread [stack: 0x000000f3d4600000,0x000000f3d4700000] [id=14632]
  0x00000223e63c7be0 GCTaskThread "GC Thread#0" [stack: 0x000000f3d3500000,0x000000f3d3600000] [id=25136]
  0x0000022384c153d0 GCTaskThread "GC Thread#1" [stack: 0x000000f3d4a00000,0x000000f3d4b00000] [id=26440]
  0x0000022384c156e0 GCTaskThread "GC Thread#2" [stack: 0x000000f3d5000000,0x000000f3d5100000] [id=22968]
  0x00000223848ca870 GCTaskThread "GC Thread#3" [stack: 0x000000f3d5100000,0x000000f3d5200000] [id=25704]
  0x00000223848cab80 GCTaskThread "GC Thread#4" [stack: 0x000000f3d5200000,0x000000f3d5300000] [id=19404]
  0x000002238098c9b0 GCTaskThread "GC Thread#5" [stack: 0x000000f3d5300000,0x000000f3d5400000] [id=19892]
  0x000002238098ccc0 GCTaskThread "GC Thread#6" [stack: 0x000000f3d5400000,0x000000f3d5500000] [id=12160]
  0x000002238098c6a0 GCTaskThread "GC Thread#7" [stack: 0x000000f3d5500000,0x000000f3d5600000] [id=20892]
  0x00000223e63d17b0 ConcurrentGCThread "G1 Main Marker" [stack: 0x000000f3d3600000,0x000000f3d3700000] [id=23968]
  0x00000223e63d2a50 ConcurrentGCThread "G1 Conc#0" [stack: 0x000000f3d3700000,0x000000f3d3800000] [id=26288]
  0x00000223e6422c50 ConcurrentGCThread "G1 Refine#0" [stack: 0x000000f3d3800000,0x000000f3d3900000] [id=26356]
  0x00000223e64246e0 ConcurrentGCThread "G1 Service" [stack: 0x000000f3d3900000,0x000000f3d3a00000] [id=19340]

Threads with active compile tasks:
C2 CompilerThread0  2549424 2548       4       sun.util.logging.PlatformLogger::isLoggable (23 bytes)
C1 CompilerThread0  2549425 2547       3       sun.awt.image.VolatileSurfaceManager::displayChanged (102 bytes)

VM state: not at safepoint (normal execution)

VM Mutex/Monitor currently owned by a thread: None

Heap address: 0x00000000c2c00000, size: 980 MB, Compressed Oops mode: 32-bit

CDS disabled.
Compressed class space mapped at: 0x0000000100000000-0x0000000140000000, reserved size: 1073741824
Narrow klass base: 0x0000000000000000, Narrow klass shift: 3, Narrow klass range: 0x140000000

GC Precious Log:
 CPUs: 8 total, 8 available
 Memory: 3918M
 Large Page Support: Disabled
 NUMA Support: Disabled
 Compressed Oops: Enabled (32-bit)
 Heap Region Size: 1M
 Heap Min Capacity: 8M
 Heap Initial Capacity: 62M
 Heap Max Capacity: 980M
 Pre-touch: Disabled
 Parallel Workers: 8
 Concurrent Workers: 2
 Concurrent Refinement Workers: 8
 Periodic GC: Disabled

Heap:
 garbage-first heap   total 63488K, used 16977K [0x00000000c2c00000, 0x0000000100000000)
  region size 1024K, 13 young (13312K), 3 survivors (3072K)
 Metaspace       used 19980K, committed 20224K, reserved 1073152K
  class space    used 2025K, committed 2176K, reserved 1048576K

Heap Regions: E=young(eden), S=young(survivor), O=old, HS=humongous(starts), HC=humongous(continues), CS=collection set, F=free, OA=open archive, CA=closed archive, TAMS=top-at-mark-start (previous, next)
|   0|0x00000000c2c00000, 0x00000000c2d00000, 0x00000000c2d00000|100%|HS|  |TAMS 0x00000000c2c00000, 0x00000000c2c00000| Complete 
|   1|0x00000000c2d00000, 0x00000000c2e00000, 0x00000000c2e00000|100%|HC|  |TAMS 0x00000000c2d00000, 0x00000000c2d00000| Complete 
|   2|0x00000000c2e00000, 0x00000000c2f00000, 0x00000000c2f00000|100%|HC|  |TAMS 0x00000000c2e00000, 0x00000000c2e00000| Complete 
|   3|0x00000000c2f00000, 0x00000000c3000000, 0x00000000c3000000|100%|HC|  |TAMS 0x00000000c2f00000, 0x00000000c2f00000| Complete 
|   4|0x00000000c3000000, 0x00000000c3100000, 0x00000000c3100000|100%|HC|  |TAMS 0x00000000c3000000, 0x00000000c3000000| Complete 
|   5|0x00000000c3100000, 0x00000000c3100000, 0x00000000c3200000|  0%| F|  |TAMS 0x00000000c3100000, 0x00000000c3100000| Untracked 
|   6|0x00000000c3200000, 0x00000000c3200000, 0x00000000c3300000|  0%| F|  |TAMS 0x00000000c3200000, 0x00000000c3200000| Untracked 
|   7|0x00000000c3300000, 0x00000000c3300000, 0x00000000c3400000|  0%| F|  |TAMS 0x00000000c3300000, 0x00000000c3300000| Untracked 
|   8|0x00000000c3400000, 0x00000000c3400000, 0x00000000c3500000|  0%| F|  |TAMS 0x00000000c3400000, 0x00000000c3400000| Untracked 
|   9|0x00000000c3500000, 0x00000000c3500000, 0x00000000c3600000|  0%| F|  |TAMS 0x00000000c3500000, 0x00000000c3500000| Untracked 
|  10|0x00000000c3600000, 0x00000000c3600000, 0x00000000c3700000|  0%| F|  |TAMS 0x00000000c3600000, 0x00000000c3600000| Untracked 
|  11|0x00000000c3700000, 0x00000000c3700000, 0x00000000c3800000|  0%| F|  |TAMS 0x00000000c3700000, 0x00000000c3700000| Untracked 
|  12|0x00000000c3800000, 0x00000000c3800000, 0x00000000c3900000|  0%| F|  |TAMS 0x00000000c3800000, 0x00000000c3800000| Untracked 
|  13|0x00000000c3900000, 0x00000000c3900000, 0x00000000c3a00000|  0%| F|  |TAMS 0x00000000c3900000, 0x00000000c3900000| Untracked 
|  14|0x00000000c3a00000, 0x00000000c3a00000, 0x00000000c3b00000|  0%| F|  |TAMS 0x00000000c3a00000, 0x00000000c3a00000| Untracked 
|  15|0x00000000c3b00000, 0x00000000c3b00000, 0x00000000c3c00000|  0%| F|  |TAMS 0x00000000c3b00000, 0x00000000c3b00000| Untracked 
|  16|0x00000000c3c00000, 0x00000000c3c00000, 0x00000000c3d00000|  0%| F|  |TAMS 0x00000000c3c00000, 0x00000000c3c00000| Untracked 
|  17|0x00000000c3d00000, 0x00000000c3d00000, 0x00000000c3e00000|  0%| F|  |TAMS 0x00000000c3d00000, 0x00000000c3d00000| Untracked 
|  18|0x00000000c3e00000, 0x00000000c3e00000, 0x00000000c3f00000|  0%| F|  |TAMS 0x00000000c3e00000, 0x00000000c3e00000| Untracked 
|  19|0x00000000c3f00000, 0x00000000c3f00000, 0x00000000c4000000|  0%| F|  |TAMS 0x00000000c3f00000, 0x00000000c3f00000| Untracked 
|  20|0x00000000c4000000, 0x00000000c4000000, 0x00000000c4100000|  0%| F|  |TAMS 0x00000000c4000000, 0x00000000c4000000| Untracked 
|  21|0x00000000c4100000, 0x00000000c4100000, 0x00000000c4200000|  0%| F|  |TAMS 0x00000000c4100000, 0x00000000c4100000| Untracked 
|  22|0x00000000c4200000, 0x00000000c4200000, 0x00000000c4300000|  0%| F|  |TAMS 0x00000000c4200000, 0x00000000c4200000| Untracked 
|  23|0x00000000c4300000, 0x00000000c4300000, 0x00000000c4400000|  0%| F|  |TAMS 0x00000000c4300000, 0x00000000c4300000| Untracked 
|  24|0x00000000c4400000, 0x00000000c4400000, 0x00000000c4500000|  0%| F|  |TAMS 0x00000000c4400000, 0x00000000c4400000| Untracked 
|  25|0x00000000c4500000, 0x00000000c4500000, 0x00000000c4600000|  0%| F|  |TAMS 0x00000000c4500000, 0x00000000c4500000| Untracked 
|  26|0x00000000c4600000, 0x00000000c4600000, 0x00000000c4700000|  0%| F|  |TAMS 0x00000000c4600000, 0x00000000c4600000| Untracked 
|  27|0x00000000c4700000, 0x00000000c4700000, 0x00000000c4800000|  0%| F|  |TAMS 0x00000000c4700000, 0x00000000c4700000| Untracked 
|  28|0x00000000c4800000, 0x00000000c4800000, 0x00000000c4900000|  0%| F|  |TAMS 0x00000000c4800000, 0x00000000c4800000| Untracked 
|  29|0x00000000c4900000, 0x00000000c4900000, 0x00000000c4a00000|  0%| F|  |TAMS 0x00000000c4900000, 0x00000000c4900000| Untracked 
|  30|0x00000000c4a00000, 0x00000000c4a00000, 0x00000000c4b00000|  0%| F|  |TAMS 0x00000000c4a00000, 0x00000000c4a00000| Untracked 
|  31|0x00000000c4b00000, 0x00000000c4b00000, 0x00000000c4c00000|  0%| F|  |TAMS 0x00000000c4b00000, 0x00000000c4b00000| Untracked 
|  32|0x00000000c4c00000, 0x00000000c4c00000, 0x00000000c4d00000|  0%| F|  |TAMS 0x00000000c4c00000, 0x00000000c4c00000| Untracked 
|  33|0x00000000c4d00000, 0x00000000c4d00000, 0x00000000c4e00000|  0%| F|  |TAMS 0x00000000c4d00000, 0x00000000c4d00000| Untracked 
|  34|0x00000000c4e00000, 0x00000000c4e00000, 0x00000000c4f00000|  0%| F|  |TAMS 0x00000000c4e00000, 0x00000000c4e00000| Untracked 
|  35|0x00000000c4f00000, 0x00000000c4f00000, 0x00000000c5000000|  0%| F|  |TAMS 0x00000000c4f00000, 0x00000000c4f00000| Untracked 
|  36|0x00000000c5000000, 0x00000000c50947b0, 0x00000000c5100000| 58%| S|CS|TAMS 0x00000000c5000000, 0x00000000c5000000| Complete 
|  37|0x00000000c5100000, 0x00000000c5200000, 0x00000000c5200000|100%| S|CS|TAMS 0x00000000c5100000, 0x00000000c5100000| Complete 
|  38|0x00000000c5200000, 0x00000000c5300000, 0x00000000c5300000|100%| S|CS|TAMS 0x00000000c5200000, 0x00000000c5200000| Complete 
|  39|0x00000000c5300000, 0x00000000c5300000, 0x00000000c5400000|  0%| F|  |TAMS 0x00000000c5300000, 0x00000000c5300000| Untracked 
|  40|0x00000000c5400000, 0x00000000c5400000, 0x00000000c5500000|  0%| F|  |TAMS 0x00000000c5400000, 0x00000000c5400000| Untracked 
|  41|0x00000000c5500000, 0x00000000c5500000, 0x00000000c5600000|  0%| F|  |TAMS 0x00000000c5500000, 0x00000000c5500000| Untracked 
|  42|0x00000000c5600000, 0x00000000c5600000, 0x00000000c5700000|  0%| F|  |TAMS 0x00000000c5600000, 0x00000000c5600000| Untracked 
|  43|0x00000000c5700000, 0x00000000c5700000, 0x00000000c5800000|  0%| F|  |TAMS 0x00000000c5700000, 0x00000000c5700000| Untracked 
|  44|0x00000000c5800000, 0x00000000c5800000, 0x00000000c5900000|  0%| F|  |TAMS 0x00000000c5800000, 0x00000000c5800000| Untracked 
|  45|0x00000000c5900000, 0x00000000c5900000, 0x00000000c5a00000|  0%| F|  |TAMS 0x00000000c5900000, 0x00000000c5900000| Untracked 
|  46|0x00000000c5a00000, 0x00000000c5a00000, 0x00000000c5b00000|  0%| F|  |TAMS 0x00000000c5a00000, 0x00000000c5a00000| Untracked 
|  47|0x00000000c5b00000, 0x00000000c5b00000, 0x00000000c5c00000|  0%| F|  |TAMS 0x00000000c5b00000, 0x00000000c5b00000| Untracked 
|  48|0x00000000c5c00000, 0x00000000c5c00000, 0x00000000c5d00000|  0%| F|  |TAMS 0x00000000c5c00000, 0x00000000c5c00000| Untracked 
|  49|0x00000000c5d00000, 0x00000000c5d00000, 0x00000000c5e00000|  0%| F|  |TAMS 0x00000000c5d00000, 0x00000000c5d00000| Untracked 
|  50|0x00000000c5e00000, 0x00000000c5e00000, 0x00000000c5f00000|  0%| F|  |TAMS 0x00000000c5e00000, 0x00000000c5e00000| Untracked 
|  51|0x00000000c5f00000, 0x00000000c5f00000, 0x00000000c6000000|  0%| F|  |TAMS 0x00000000c5f00000, 0x00000000c5f00000| Untracked 
|  52|0x00000000c6000000, 0x00000000c6100000, 0x00000000c6100000|100%| E|  |TAMS 0x00000000c6000000, 0x00000000c6000000| Complete 
|  53|0x00000000c6100000, 0x00000000c6200000, 0x00000000c6200000|100%| E|CS|TAMS 0x00000000c6100000, 0x00000000c6100000| Complete 
|  54|0x00000000c6200000, 0x00000000c6300000, 0x00000000c6300000|100%| E|CS|TAMS 0x00000000c6200000, 0x00000000c6200000| Complete 
|  55|0x00000000c6300000, 0x00000000c6400000, 0x00000000c6400000|100%| E|CS|TAMS 0x00000000c6300000, 0x00000000c6300000| Complete 
|  56|0x00000000c6400000, 0x00000000c6500000, 0x00000000c6500000|100%| E|CS|TAMS 0x00000000c6400000, 0x00000000c6400000| Complete 
|  57|0x00000000c6500000, 0x00000000c6600000, 0x00000000c6600000|100%| E|CS|TAMS 0x00000000c6500000, 0x00000000c6500000| Complete 
|  58|0x00000000c6600000, 0x00000000c6700000, 0x00000000c6700000|100%| E|CS|TAMS 0x00000000c6600000, 0x00000000c6600000| Complete 
|  59|0x00000000c6700000, 0x00000000c6800000, 0x00000000c6800000|100%| E|CS|TAMS 0x00000000c6700000, 0x00000000c6700000| Complete 
|  60|0x00000000c6800000, 0x00000000c6900000, 0x00000000c6900000|100%| E|CS|TAMS 0x00000000c6800000, 0x00000000c6800000| Complete 
|  61|0x00000000c6900000, 0x00000000c6a00000, 0x00000000c6a00000|100%| E|CS|TAMS 0x00000000c6900000, 0x00000000c6900000| Complete 

Card table byte_map: [0x00000223fada0000,0x00000223faf90000] _byte_map_base: 0x00000223fa78a000

Marking Bits (Prev, Next): (CMBitMap*) 0x00000223e63c92e0, (CMBitMap*) 0x00000223e63c9320
 Prev Bits: [0x00000223fb180000, 0x00000223fc0d0000)
 Next Bits: [0x00000223fc0d0000, 0x00000223fd020000)

Polling page: 0x00000223e6250000

Metaspace:

Usage:
  Non-class:     17.53 MB used.
      Class:      1.98 MB used.
       Both:     19.51 MB used.

Virtual space:
  Non-class space:       24.00 MB reserved,      17.62 MB ( 73%) committed,  3 nodes.
      Class space:        1.00 GB reserved,       2.12 MB ( <1%) committed,  1 nodes.
              Both:        1.02 GB reserved,      19.75 MB (  2%) committed. 

Chunk freelists:
   Non-Class:  2.22 MB
       Class:  1.75 MB
        Both:  3.97 MB

MaxMetaspaceSize: 17179869184.00 GB
CompressedClassSpaceSize: 1.00 GB
 - commit_granule_bytes: 65536.
 - commit_granule_words: 8192.
 - virtual_space_node_default_size: 1048576.
 - enlarge_chunks_in_place: 1.
 - new_chunks_are_fully_committed: 0.
 - uncommit_free_chunks: 1.
 - use_allocation_guard: 0.
 - handle_deallocations: 1.


Internal statistics:

num_allocs_failed_limit: 0.
num_arena_births: 186.
num_arena_deaths: 0.
num_vsnodes_births: 4.
num_vsnodes_deaths: 0.
num_space_committed: 316.
num_space_uncommitted: 0.
num_chunks_returned_to_freelist: 0.
num_chunks_taken_from_freelist: 318.
num_chunk_merges: 0.
num_chunk_splits: 160.
num_chunks_enlarged: 55.
num_purges: 0.

CodeHeap 'non-profiled nmethods': size=120000Kb used=915Kb max_used=915Kb free=119084Kb
 bounds [0x00000223f2c20000, 0x00000223f2e90000, 0x00000223fa150000]
CodeHeap 'profiled nmethods': size=120000Kb used=4718Kb max_used=4718Kb free=115281Kb
 bounds [0x00000223eb6f0000, 0x00000223ebb90000, 0x00000223f2c20000]
CodeHeap 'non-nmethods': size=5760Kb used=1293Kb max_used=1357Kb free=4466Kb
 bounds [0x00000223eb150000, 0x00000223eb3c0000, 0x00000223eb6f0000]
 total_blobs=3160 nmethods=2546 adapters=526
 compilation: enabled
              stopped_count=0, restarted_count=0
 full_count=0

Compilation events (20 events):
Event: 261.356 Thread 0x00000223ffa66340 nmethod 2536 0x00000223f2d03f10 code [0x00000223f2d040a0, 0x00000223f2d046a8]
Event: 261.356 Thread 0x00000223ffa66340 2539       4       java.lang.StringUTF16::compress (50 bytes)
Event: 261.357 Thread 0x00000223ffa6b5e0 nmethod 2538 0x00000223ebb84d90 code [0x00000223ebb85000, 0x00000223ebb85978]
Event: 261.361 Thread 0x00000223ffa66340 nmethod 2539 0x00000223f2d04790 code [0x00000223f2d04920, 0x00000223f2d04cb8]
Event: 261.367 Thread 0x00000223ffa6b5e0 2540  s    3       java.awt.DefaultKeyboardFocusManager::discardKeyEvents (160 bytes)
Event: 261.368 Thread 0x00000223ffa6b5e0 nmethod 2540 0x00000223ebb85c90 code [0x00000223ebb85f40, 0x00000223ebb86f18]
Event: 261.368 Thread 0x00000223ffa6b5e0 2541       3       java.awt.DefaultKeyboardFocusManager::purgeStampedEvents (92 bytes)
Event: 261.369 Thread 0x00000223ffa6b5e0 nmethod 2541 0x00000223ebb87390 code [0x00000223ebb87600, 0x00000223ebb881a8]
Event: 261.371 Thread 0x00000223ffa6b5e0 2542       3       sun.util.locale.LocaleUtils::caseIgnoreMatch (73 bytes)
Event: 261.372 Thread 0x00000223ffa6b5e0 nmethod 2542 0x00000223ebb88590 code [0x00000223ebb88880, 0x00000223ebb89a18]
Event: 645.979 Thread 0x00000223ffa6b5e0 2543   !   3       jdk.internal.ref.PhantomCleanable::isListEmpty (34 bytes)
Event: 646.001 Thread 0x00000223ffa6b5e0 nmethod 2543 0x00000223ebb8a110 code [0x00000223ebb8a2c0, 0x00000223ebb8a518]
Event: 646.003 Thread 0x00000223ffa6b5e0 2544       3       jdk.internal.misc.InnocuousThread::eraseThreadLocals (23 bytes)
Event: 646.011 Thread 0x00000223ffa6b5e0 nmethod 2544 0x00000223ebb8a610 code [0x00000223ebb8a7c0, 0x00000223ebb8a9b8]
Event: 2549.249 Thread 0x00000223ffa6b5e0 2545       3       java.util.WeakHashMap$HashIterator::hasNext (95 bytes)
Event: 2549.279 Thread 0x00000223ffa6b5e0 nmethod 2545 0x00000223ebb8aa90 code [0x00000223ebb8ac60, 0x00000223ebb8b1f8]
Event: 2549.279 Thread 0x00000223ffa6b5e0 2546       3       java.util.WeakHashMap$KeyIterator::next (8 bytes)
Event: 2549.280 Thread 0x00000223ffa66340 2548       4       sun.util.logging.PlatformLogger::isLoggable (23 bytes)
Event: 2549.293 Thread 0x00000223ffa6b5e0 nmethod 2546 0x00000223ebb8b390 code [0x00000223ebb8b560, 0x00000223ebb8b908]
Event: 2549.298 Thread 0x00000223ffa6b5e0 2547       3       sun.awt.image.VolatileSurfaceManager::displayChanged (102 bytes)

GC Heap History (2 events):
Event: 45.871 GC heap before
{Heap before GC invocations=0 (full 0):
 garbage-first heap   total 63488K, used 28672K [0x00000000c2c00000, 0x0000000100000000)
  region size 1024K, 23 young (23552K), 0 survivors (0K)
 Metaspace       used 19299K, committed 19456K, reserved 1073152K
  class space    used 1994K, committed 2048K, reserved 1048576K
}
Event: 45.877 GC heap after
{Heap after GC invocations=1 (full 0):
 garbage-first heap   total 63488K, used 7761K [0x00000000c2c00000, 0x0000000100000000)
  region size 1024K, 3 young (3072K), 3 survivors (3072K)
 Metaspace       used 19299K, committed 19456K, reserved 1073152K
  class space    used 1994K, committed 2048K, reserved 1048576K
}

Deoptimization events (20 events):
Event: 44.400 Thread 0x00000223ffcd85d0 DEOPT PACKING pc=0x00000223f2cb4058 sp=0x000000f3d4bfed00
Event: 44.400 Thread 0x00000223ffcd85d0 DEOPT UNPACKING pc=0x00000223eb19d72e sp=0x000000f3d4bfeb40 mode 2
Event: 45.878 Thread 0x00000223ffcd85d0 Uncommon trap: trap_request=0xffffff45 fr.pc=0x00000223f2c95110 relative=0x00000000000000f0
Event: 45.878 Thread 0x00000223ffcd85d0 Uncommon trap: reason=unstable_if action=reinterpret pc=0x00000223f2c95110 method=java.lang.ref.SoftReference.get()Ljava/lang/Object; @ 17 c2
Event: 45.878 Thread 0x00000223ffcd85d0 DEOPT PACKING pc=0x00000223f2c95110 sp=0x000000f3d4bfd560
Event: 45.878 Thread 0x00000223ffcd85d0 DEOPT UNPACKING pc=0x00000223eb19d72e sp=0x000000f3d4bfd510 mode 2
Event: 60.704 Thread 0x00000223ffcd85d0 Uncommon trap: trap_request=0xffffff45 fr.pc=0x00000223f2cc8be8 relative=0x0000000000000d08
Event: 60.704 Thread 0x00000223ffcd85d0 Uncommon trap: reason=unstable_if action=reinterpret pc=0x00000223f2cc8be8 method=java.awt.Container.getMouseEventTargetImpl(IIZLjava/awt/Container$EventTargetFilter;ZZ)Ljava/awt/Component; @ 218 c2
Event: 60.704 Thread 0x00000223ffcd85d0 DEOPT PACKING pc=0x00000223f2cc8be8 sp=0x000000f3d4bfe770
Event: 60.704 Thread 0x00000223ffcd85d0 DEOPT UNPACKING pc=0x00000223eb19d72e sp=0x000000f3d4bfe678 mode 2
Event: 239.928 Thread 0x00000223ffcd85d0 Uncommon trap: trap_request=0xffffffde fr.pc=0x00000223f2cb4058 relative=0x0000000000004e18
Event: 239.930 Thread 0x00000223ffcd85d0 Uncommon trap: reason=class_check action=maybe_recompile pc=0x00000223f2cb4058 method=java.awt.EventQueue.coalesceEvent(Ljava/awt/AWTEvent;I)Z @ 77 c2
Event: 239.930 Thread 0x00000223ffcd85d0 DEOPT PACKING pc=0x00000223f2cb4058 sp=0x000000f3d4bfed00
Event: 239.931 Thread 0x00000223ffcd85d0 DEOPT UNPACKING pc=0x00000223eb19d72e sp=0x000000f3d4bfeb40 mode 2
Event: 247.090 Thread 0x00000223ffcd85d0 DEOPT PACKING pc=0x00000223eb9a7682 sp=0x000000f3d4bfd460
Event: 247.090 Thread 0x00000223ffcd85d0 DEOPT UNPACKING pc=0x00000223eb19dece sp=0x000000f3d4bfc8f0 mode 0
Event: 261.367 Thread 0x00000223ffcd85d0 Uncommon trap: trap_request=0xffffff45 fr.pc=0x00000223f2cff464 relative=0x00000000000014c4
Event: 261.367 Thread 0x00000223ffcd85d0 Uncommon trap: reason=unstable_if action=reinterpret pc=0x00000223f2cff464 method=java.beans.ChangeListenerMap.get(Ljava/lang/String;)[Ljava/util/EventListener; @ 4 c2
Event: 261.367 Thread 0x00000223ffcd85d0 DEOPT PACKING pc=0x00000223f2cff464 sp=0x000000f3d4bfe090
Event: 261.367 Thread 0x00000223ffcd85d0 DEOPT UNPACKING pc=0x00000223eb19d72e sp=0x000000f3d4bfded8 mode 2

Classes unloaded (0 events):
No events

Classes redefined (0 events):
No events

Internal exceptions (18 events):
Event: 0.129 Thread 0x00000223e639af00 Exception <a 'java/lang/NoSuchMethodError'{0x00000000c68224f8}: 'void java.lang.invoke.DirectMethodHandle$Holder.invokeVirtual(java.lang.Object, java.lang.Object)'> (0x00000000c68224f8) 
thrown [t:\workspace\open\src\hotspot\share\interpreter\linkResolver.cpp, line 790]
Event: 0.182 Thread 0x00000223e639af00 Exception <a 'java/lang/NoSuchMethodError'{0x00000000c68e9f98}: 'void java.lang.invoke.DirectMethodHandle$Holder.invokeSpecial(java.lang.Object, java.lang.Object, java.lang.Object)'> (0x00000000c68e9f98) 
thrown [t:\workspace\open\src\hotspot\share\interpreter\linkResolver.cpp, line 790]
Event: 0.188 Thread 0x00000223e639af00 Exception <a 'sun/nio/fs/WindowsException'{0x00000000c68f7620}> (0x00000000c68f7620) 
thrown [t:\workspace\open\src\hotspot\share\prims\jni.cpp, line 579]
Event: 0.195 Thread 0x00000223e639af00 Exception <a 'java/lang/ClassNotFoundException'{0x00000000c68fdda0}: sun/awt/resources/spi/awtProvider> (0x00000000c68fdda0) 
thrown [t:\workspace\open\src\hotspot\share\classfile\systemDictionary.cpp, line 256]
Event: 0.218 Thread 0x00000223e639af00 Exception <a 'java/io/FileNotFoundException'{0x00000000c6753a30}> (0x00000000c6753a30) 
thrown [t:\workspace\open\src\hotspot\share\prims\jni.cpp, line 579]
Event: 0.227 Thread 0x00000223e639af00 Exception <a 'java/io/FileNotFoundException'{0x00000000c6782590}> (0x00000000c6782590) 
thrown [t:\workspace\open\src\hotspot\share\prims\jni.cpp, line 579]
Event: 0.227 Thread 0x00000223e639af00 Exception <a 'java/lang/NoSuchMethodError'{0x00000000c67837e8}: 'java.lang.Object java.lang.invoke.DirectMethodHandle$Holder.invokeStatic(java.lang.Object)'> (0x00000000c67837e8) 
thrown [t:\workspace\open\src\hotspot\share\interpreter\linkResolver.cpp, line 790]
Event: 0.269 Thread 0x00000223e639af00 Exception <a 'java/lang/NoSuchMethodError'{0x00000000c67dd488}: 'java.lang.Object java.lang.invoke.DirectMethodHandle$Holder.invokeStaticInit(java.lang.Object)'> (0x00000000c67dd488) 
thrown [t:\workspace\open\src\hotspot\share\interpreter\linkResolver.cpp, line 790]
Event: 0.311 Thread 0x00000223e639af00 Exception <a 'java/lang/NoSuchMethodError'{0x00000000c66d8b98}: 'java.lang.Object java.lang.invoke.DirectMethodHandle$Holder.newInvokeSpecial(java.lang.Object, java.lang.Object, java.lang.Object, java.lang.Object, java.lang.Object)'> (0x00000000c66d8b98) 
thrown [t:\workspace\open\src\hotspot\share\interpreter\linkResolver.cpp, line 790]
Event: 0.312 Thread 0x00000223e639af00 Exception <a 'java/lang/NoSuchMethodError'{0x00000000c66e4680}: 'java.lang.Object java.lang.invoke.DirectMethodHandle$Holder.invokeStatic(java.lang.Object, int, java.lang.Object, java.lang.Object, java.lang.Object, java.lang.Object)'> (0x00000000c66e4680) 
thrown [t:\workspace\open\src\hotspot\share\interpreter\linkResolver.cpp, line 790]
Event: 0.315 Thread 0x00000223e639af00 Exception <a 'java/lang/NoSuchMethodError'{0x00000000c650b198}: 'java.lang.Object java.lang.invoke.DirectMethodHandle$Holder.invokeStatic(java.lang.Object, int, java.lang.Object)'> (0x00000000c650b198) 
thrown [t:\workspace\open\src\hotspot\share\interpreter\linkResolver.cpp, line 790]
Event: 0.331 Thread 0x00000223e639af00 Exception <a 'java/lang/ClassNotFoundException'{0x00000000c65c3380}: com/sun/swing/internal/plaf/metal/resources/spi/metalProvider> (0x00000000c65c3380) 
thrown [t:\workspace\open\src\hotspot\share\classfile\systemDictionary.cpp, line 256]
Event: 0.332 Thread 0x00000223e639af00 Exception <a 'java/lang/ClassNotFoundException'{0x00000000c65c77c8}: com/sun/swing/internal/plaf/basic/resources/spi/basicProvider> (0x00000000c65c77c8) 
thrown [t:\workspace\open\src\hotspot\share\classfile\systemDictionary.cpp, line 256]
Event: 0.412 Thread 0x00000223ffcd9b10 Exception <a 'java/lang/NoSuchMethodError'{0x00000000c6385c68}: 'java.lang.Object java.lang.invoke.DirectMethodHandle$Holder.newInvokeSpecial(java.lang.Object, java.lang.Object, java.lang.Object, int, int, int, int, int)'> (0x00000000c6385c68) 
thrown [t:\workspace\open\src\hotspot\share\interpreter\linkResolver.cpp, line 790]
Event: 0.555 Thread 0x00000223e639af00 Exception <a 'java/lang/NoSuchMethodError'{0x00000000c61030f8}: 'void java.lang.invoke.DirectMethodHandle$Holder.invokeStaticInit(java.lang.Object)'> (0x00000000c61030f8) 
thrown [t:\workspace\open\src\hotspot\share\interpreter\linkResolver.cpp, line 790]
Event: 0.564 Thread 0x00000223e639af00 Exception <a 'sun/nio/fs/WindowsException'{0x00000000c61331d0}> (0x00000000c61331d0) 
thrown [t:\workspace\open\src\hotspot\share\prims\jni.cpp, line 579]
Event: 2.723 Thread 0x00000223ffcd85d0 Exception <a 'java/lang/NoSuchMethodError'{0x00000000c6050e90}: 'int java.lang.invoke.DirectMethodHandle$Holder.invokeStatic(java.lang.Object)'> (0x00000000c6050e90) 
thrown [t:\workspace\open\src\hotspot\share\interpreter\linkResolver.cpp, line 790]
Event: 261.367 Thread 0x00000223ffcd85d0 Implicit null exception at 0x00000223f2cfe360 to 0x00000223f2cff440

Events (20 events):
Event: 261.347 loading class java/time/chrono/ChronoZonedDateTime done
Event: 261.347 loading class java/time/ZonedDateTime done
Event: 261.347 loading class java/time/ZoneOffset
Event: 261.347 loading class java/time/ZoneOffset done
Event: 261.347 loading class java/time/Clock
Event: 261.347 loading class java/time/Clock done
Event: 261.355 loading class java/io/FileOutputStream$1
Event: 261.355 loading class java/io/FileOutputStream$1 done
Event: 261.508 Executing  VM operation: Cleanup
Event: 261.508 Executing  VM operation: Cleanup done
Event: 2545.325 loading class java/util/Collections$SynchronizedSet
Event: 2545.499 loading class java/util/Collections$SynchronizedSet done
Event: 2545.516 loading class java/util/WeakHashMap$KeyIterator
Event: 2545.559 loading class java/util/WeakHashMap$HashIterator
Event: 2545.605 loading class java/util/WeakHashMap$HashIterator done
Event: 2545.605 loading class java/util/WeakHashMap$KeyIterator done
Event: 2545.847 loading class javax/swing/RepaintManager$DisplayChangedRunnable
Event: 2545.854 loading class javax/swing/RepaintManager$DisplayChangedRunnable done
Event: 2546.763 Executing  VM operation: Cleanup
Event: 2546.766 Executing  VM operation: Cleanup done


Dynamic libraries:
0x00007ff67a890000 - 0x00007ff67a89e000 	C:\Users\Mateo Reales\.p2\pool\plugins\org.eclipse.justj.openjdk.hotspot.jre.full.win32.x86_64_16.0.2.v20210721-1149\jre\bin\javaw.exe
0x00007ff98abd0000 - 0x00007ff98adc5000 	C:\windows\SYSTEM32\ntdll.dll
0x00007ff989ab0000 - 0x00007ff989b6e000 	C:\windows\System32\KERNEL32.DLL
0x00007ff988520000 - 0x00007ff9887e8000 	C:\windows\System32\KERNELBASE.dll
0x00007ff988420000 - 0x00007ff988520000 	C:\windows\System32\ucrtbase.dll
0x00007ff953bf0000 - 0x00007ff953c09000 	C:\Users\Mateo Reales\.p2\pool\plugins\org.eclipse.justj.openjdk.hotspot.jre.full.win32.x86_64_16.0.2.v20210721-1149\jre\bin\VCRUNTIME140.dll
0x00007ff953bd0000 - 0x00007ff953be8000 	C:\Users\Mateo Reales\.p2\pool\plugins\org.eclipse.justj.openjdk.hotspot.jre.full.win32.x86_64_16.0.2.v20210721-1149\jre\bin\jli.dll
0x00007ff98a220000 - 0x00007ff98a3c1000 	C:\windows\System32\USER32.dll
0x00007ff968c20000 - 0x00007ff968eba000 	C:\windows\WinSxS\amd64_microsoft.windows.common-controls_6595b64144ccf1df_6.0.19041.1110_none_60b5254171f9507e\COMCTL32.dll
0x00007ff989840000 - 0x00007ff9898de000 	C:\windows\System32\msvcrt.dll
0x00007ff988850000 - 0x00007ff988872000 	C:\windows\System32\win32u.dll
0x00007ff9898f0000 - 0x00007ff98991b000 	C:\windows\System32\GDI32.dll
0x00007ff988a80000 - 0x00007ff988b8b000 	C:\windows\System32\gdi32full.dll
0x00007ff988880000 - 0x00007ff98891d000 	C:\windows\System32\msvcp_win.dll
0x00007ff98a660000 - 0x00007ff98a690000 	C:\windows\System32\IMM32.DLL
0x00007ff969940000 - 0x00007ff96994c000 	C:\Users\Mateo Reales\.p2\pool\plugins\org.eclipse.justj.openjdk.hotspot.jre.full.win32.x86_64_16.0.2.v20210721-1149\jre\bin\vcruntime140_1.dll
0x00007ff950270000 - 0x00007ff950301000 	C:\Users\Mateo Reales\.p2\pool\plugins\org.eclipse.justj.openjdk.hotspot.jre.full.win32.x86_64_16.0.2.v20210721-1149\jre\bin\msvcp140.dll
0x00007ff9070c0000 - 0x00007ff907c6b000 	C:\Users\Mateo Reales\.p2\pool\plugins\org.eclipse.justj.openjdk.hotspot.jre.full.win32.x86_64_16.0.2.v20210721-1149\jre\bin\server\jvm.dll
0x00007ff989b70000 - 0x00007ff989c1c000 	C:\windows\System32\ADVAPI32.dll
0x00007ff989660000 - 0x00007ff9896fb000 	C:\windows\System32\sechost.dll
0x00007ff98a3d0000 - 0x00007ff98a4fa000 	C:\windows\System32\RPCRT4.dll
0x00007ff9898e0000 - 0x00007ff9898e8000 	C:\windows\System32\PSAPI.DLL
0x00007ff969e70000 - 0x00007ff969e97000 	C:\windows\SYSTEM32\WINMM.dll
0x00007ff968890000 - 0x00007ff968899000 	C:\windows\SYSTEM32\WSOCK32.dll
0x00007ff980fb0000 - 0x00007ff980fba000 	C:\windows\SYSTEM32\VERSION.dll
0x00007ff98a500000 - 0x00007ff98a56b000 	C:\windows\System32\WS2_32.dll
0x00007ff986280000 - 0x00007ff986292000 	C:\windows\SYSTEM32\kernel.appcore.dll
0x00007ff963800000 - 0x00007ff96380a000 	C:\Users\Mateo Reales\.p2\pool\plugins\org.eclipse.justj.openjdk.hotspot.jre.full.win32.x86_64_16.0.2.v20210721-1149\jre\bin\jimage.dll
0x00007ff985b10000 - 0x00007ff985cf4000 	C:\windows\SYSTEM32\DBGHELP.DLL
0x00007ff96fb30000 - 0x00007ff96fb5c000 	C:\windows\SYSTEM32\dbgcore.DLL
0x00007ff988b90000 - 0x00007ff988c13000 	C:\windows\System32\bcryptPrimitives.dll
0x00007ff9635a0000 - 0x00007ff9635c5000 	C:\Users\Mateo Reales\.p2\pool\plugins\org.eclipse.justj.openjdk.hotspot.jre.full.win32.x86_64_16.0.2.v20210721-1149\jre\bin\java.dll
0x00007ff962d10000 - 0x00007ff962d28000 	C:\Users\Mateo Reales\.p2\pool\plugins\org.eclipse.justj.openjdk.hotspot.jre.full.win32.x86_64_16.0.2.v20210721-1149\jre\bin\zip.dll
0x00007ff988e00000 - 0x00007ff98953f000 	C:\windows\System32\SHELL32.dll
0x00007ff9863f0000 - 0x00007ff986b80000 	C:\windows\SYSTEM32\windows.storage.dll
0x00007ff989c20000 - 0x00007ff989f75000 	C:\windows\System32\combase.dll
0x00007ff987cd0000 - 0x00007ff987cfe000 	C:\windows\SYSTEM32\Wldp.dll
0x00007ff988c20000 - 0x00007ff988ccd000 	C:\windows\System32\SHCORE.dll
0x00007ff989920000 - 0x00007ff989975000 	C:\windows\System32\shlwapi.dll
0x00007ff988230000 - 0x00007ff98824f000 	C:\windows\SYSTEM32\profapi.dll
0x00007ff962cf0000 - 0x00007ff962d09000 	C:\Users\Mateo Reales\.p2\pool\plugins\org.eclipse.justj.openjdk.hotspot.jre.full.win32.x86_64_16.0.2.v20210721-1149\jre\bin\net.dll
0x00007ff973780000 - 0x00007ff97388c000 	C:\windows\SYSTEM32\WINHTTP.dll
0x00007ff987a30000 - 0x00007ff987a9a000 	C:\windows\system32\mswsock.dll
0x00007ff962cd0000 - 0x00007ff962ce3000 	C:\Users\Mateo Reales\.p2\pool\plugins\org.eclipse.justj.openjdk.hotspot.jre.full.win32.x86_64_16.0.2.v20210721-1149\jre\bin\nio.dll
0x00007ff94a5c0000 - 0x00007ff94a73f000 	C:\Users\Mateo Reales\.p2\pool\plugins\org.eclipse.justj.openjdk.hotspot.jre.full.win32.x86_64_16.0.2.v20210721-1149\jre\bin\awt.dll
0x00007ff989980000 - 0x00007ff989a4d000 	C:\windows\System32\OLEAUT32.dll
0x00007ff985780000 - 0x00007ff985810000 	C:\windows\SYSTEM32\apphelp.dll
0x00007ff985e00000 - 0x00007ff985e2f000 	C:\windows\system32\DWMAPI.DLL
0x00007ff985940000 - 0x00007ff9859de000 	C:\windows\system32\uxtheme.dll
0x00007ff9688c0000 - 0x00007ff9689e5000 	C:\windows\system32\opengl32.dll
0x00007ff969880000 - 0x00007ff9698ac000 	C:\windows\SYSTEM32\GLU32.dll
0x00007ff989540000 - 0x00007ff989655000 	C:\windows\System32\MSCTF.dll
0x00007ff989710000 - 0x00007ff98983a000 	C:\windows\System32\ole32.dll
0x00007ff94b720000 - 0x00007ff94b7a9000 	C:\Users\Mateo Reales\.p2\pool\plugins\org.eclipse.justj.openjdk.hotspot.jre.full.win32.x86_64_16.0.2.v20210721-1149\jre\bin\freetype.dll
0x00007ff94ac40000 - 0x00007ff94ad36000 	C:\Users\Mateo Reales\.p2\pool\plugins\org.eclipse.justj.openjdk.hotspot.jre.full.win32.x86_64_16.0.2.v20210721-1149\jre\bin\harfbuzz.dll
0x00007ff953b80000 - 0x00007ff953b92000 	C:\Users\Mateo Reales\.p2\pool\plugins\org.eclipse.justj.openjdk.hotspot.jre.full.win32.x86_64_16.0.2.v20210721-1149\jre\bin\fontmanager.dll
0x00007ff96a240000 - 0x00007ff96a339000 	C:\windows\SYSTEM32\textinputframework.dll
0x00007ff985460000 - 0x00007ff985552000 	C:\windows\System32\CoreMessaging.dll
0x00007ff984d80000 - 0x00007ff9850de000 	C:\windows\System32\CoreUIComponents.dll
0x00007ff983da0000 - 0x00007ff983ef4000 	C:\windows\SYSTEM32\wintypes.dll
0x00007ff986fe0000 - 0x00007ff987013000 	C:\windows\SYSTEM32\ntmarta.dll
0x00007ff988cd0000 - 0x00007ff988d79000 	C:\windows\System32\clbcatq.dll
0x00007ff981e50000 - 0x00007ff982004000 	C:\windows\SYSTEM32\WindowsCodecs.dll
0x00007ff988340000 - 0x00007ff988367000 	C:\windows\System32\bcrypt.dll
0x00007ff95cb80000 - 0x00007ff95cbbe000 	C:\windows\system32\dataexchange.dll
0x00007ff983f00000 - 0x00007ff984164000 	C:\windows\system32\d3d11.dll
0x00007ff984b90000 - 0x00007ff984d75000 	C:\windows\system32\dcomp.dll
0x00007ff986be0000 - 0x00007ff986cd4000 	C:\windows\system32\dxgi.dll
0x00007ff9820f0000 - 0x00007ff9822f1000 	C:\windows\system32\twinapi.appcore.dll

dbghelp: loaded successfully - version: 4.0.5 - missing functions: none
symbol engine: initialized successfully - sym options: 0x614 - pdb path: .;C:\Users\Mateo Reales\.p2\pool\plugins\org.eclipse.justj.openjdk.hotspot.jre.full.win32.x86_64_16.0.2.v20210721-1149\jre\bin;C:\windows\SYSTEM32;C:\windows\WinSxS\amd64_microsoft.windows.common-controls_6595b64144ccf1df_6.0.19041.1110_none_60b5254171f9507e;C:\Users\Mateo Reales\.p2\pool\plugins\org.eclipse.justj.openjdk.hotspot.jre.full.win32.x86_64_16.0.2.v20210721-1149\jre\bin\server

VM Arguments:
jvm_args: -Dfile.encoding=Cp1252 --module-path=C:\Users\Mateo Reales\Documents\GitHub\Proyecto2\bin -XX:+ShowCodeDetailsInExceptionMessages -Djdk.module.main=proyecto1 
java_command: proyecto1/consolaInventario.App
java_class_path (initial): <not set>
Launcher Type: SUN_STANDARD

[Global flags]
     intx CICompilerCount                          = 4                                         {product} {ergonomic}
     uint ConcGCThreads                            = 2                                         {product} {ergonomic}
     uint G1ConcRefinementThreads                  = 8                                         {product} {ergonomic}
   size_t G1HeapRegionSize                         = 1048576                                   {product} {ergonomic}
    uintx GCDrainStackTargetSize                   = 64                                        {product} {ergonomic}
   size_t InitialHeapSize                          = 65011712                                  {product} {ergonomic}
   size_t MarkStackSize                            = 4194304                                   {product} {ergonomic}
   size_t MaxHeapSize                              = 1027604480                                {product} {ergonomic}
   size_t MaxNewSize                               = 616562688                                 {product} {ergonomic}
   size_t MinHeapDeltaBytes                        = 1048576                                   {product} {ergonomic}
   size_t MinHeapSize                              = 8388608                                   {product} {ergonomic}
    uintx NonNMethodCodeHeapSize                   = 5839372                                {pd product} {ergonomic}
    uintx NonProfiledCodeHeapSize                  = 122909434                              {pd product} {ergonomic}
    uintx ProfiledCodeHeapSize                     = 122909434                              {pd product} {ergonomic}
    uintx ReservedCodeCacheSize                    = 251658240                              {pd product} {ergonomic}
     bool SegmentedCodeCache                       = true                                      {product} {ergonomic}
     bool ShowCodeDetailsInExceptionMessages       = true                                   {manageable} {command line}
   size_t SoftMaxHeapSize                          = 1027604480                             {manageable} {ergonomic}
     bool UseCompressedClassPointers               = true                           {product lp64_product} {ergonomic}
     bool UseCompressedOops                        = true                           {product lp64_product} {ergonomic}
     bool UseG1GC                                  = true                                      {product} {ergonomic}
     bool UseLargePagesIndividualAllocation        = false                                  {pd product} {ergonomic}

Logging:
Log output configuration:
 #0: stdout all=warning uptime,level,tags
 #1: stderr all=off uptime,level,tags

Environment Variables:
PATH=C:/Users/Mateo Reales/.p2/pool/plugins/org.eclipse.justj.openjdk.hotspot.jre.full.win32.x86_64_16.0.2.v20210721-1149/jre/bin/server;C:/Users/Mateo Reales/.p2/pool/plugins/org.eclipse.justj.openjdk.hotspot.jre.full.win32.x86_64_16.0.2.v20210721-1149/jre/bin;C:\Program Files\Eclipse Adoptium\jdk-17.0.1.12-hotspot\bin;C:\Program Files (x86)\Common Files\Oracle\Java\javapath;C:\windows\system32;C:\windows;C:\windows\System32\Wbem;C:\windows\System32\WindowsPowerShell\v1.0\;C:\windows\System32\OpenSSH\;C:\windows\AppData\Local\Programs\Python\Python310;C:\windows\AppData\Local\Programs\Python\Python310\Scripts;C:\Users\Mateo Reales\AppData\Local\Programs\Python\Python310\Scripts\;C:\Users\Mateo Reales\AppData\Local\Programs\Python\Python310\;C:\Users\Mateo Reales\AppData\Local\Microsoft\WindowsApps;C:\Users\Mateo Reales\AppData\Local\GitHubDesktop\bin;C:\Users\Mateo Reales\AppData\Local\Programs\Microsoft VS Code\bin;C:\Users\Mateo Reales\AppData\Local\Programs\Git\cmd;C:\windows\system32;
USERNAME=Mateo Reales
OS=Windows_NT
PROCESSOR_IDENTIFIER=Intel64 Family 6 Model 142 Stepping 12, GenuineIntel



---------------  S Y S T E M  ---------------

OS:
 Windows 10 , 64 bit Build 19041 (10.0.19041.1348)
OS uptime: 1 days 22:01 hours

CPU: total 8 (initial active 8) (4 cores per cpu, 2 threads per core) family 6 model 142 stepping 12 microcode 0xde, cx8, cmov, fxsr, ht, mmx, 3dnowpref, sse, sse2, sse3, ssse3, sse4.1, sse4.2, popcnt, lzcnt, tsc, tscinvbit, avx, avx2, aes, erms, clmul, bmi1, bmi2, adx, fma, vzeroupper, clflush, clflushopt

Memory: 4k page, system-wide physical 3918M (129M free)
TotalPageFile size 15694M (AvailPageFile size 0M)
current process WorkingSet (physical memory assigned to process): 19M, peak: 116M
current process commit charge ("private bytes"): 173M, peak: 184M

vm_info: OpenJDK 64-Bit Server VM (16.0.2+7-67) for windows-amd64 JRE (16.0.2+7-67), built on Jun  8 2021 23:21:43 by "mach5one" with MS VC++ 16.7 (VS2019)

END.
